Game for the blind/Library/Bee/Android/Prj/IL2CPP/Gradle/launcher/build/intermediates/manifest_merge_blame_file/release/manifest-merger-blame-release-report.txt
1<?xml version="1.0" encoding="utf-8"?>
2<manifest xmlns:android="http://schemas.android.com/apk/res/android"
3    package="com.DefaultCompany.Gamefortheblind"
4    android:installLocation="preferExternal"
5    android:versionCode="1"
6    android:versionName="0.1" >
7
8    <uses-sdk
9        android:minSdkVersion="29"
9-->src\main\AndroidManifest.xml
10        android:targetSdkVersion="30" />
10-->src\main\AndroidManifest.xml
11
12    <supports-screens
12-->src\main\AndroidManifest.xml:3:3-163
13        android:anyDensity="true"
13-->src\main\AndroidManifest.xml:3:135-160
14        android:largeScreens="true"
14-->src\main\AndroidManifest.xml:3:78-105
15        android:normalScreens="true"
15-->src\main\AndroidManifest.xml:3:49-77
16        android:smallScreens="true"
16-->src\main\AndroidManifest.xml:3:21-48
17        android:xlargeScreens="true" />
17-->src\main\AndroidManifest.xml:3:106-134
18
19    <uses-feature android:glEsVersion="0x00020000" />
19-->[:unityLibrary] AndroidManifest.xml:12:5-54
19-->[:unityLibrary] AndroidManifest.xml:12:19-51
20
21    <uses-permission android:name="android.permission.INTERNET" />
21-->[:unityLibrary] AndroidManifest.xml:14:5-67
21-->[:unityLibrary] AndroidManifest.xml:14:22-64
22
23    <uses-feature
23-->[:unityLibrary] AndroidManifest.xml:16:5-18:36
24        android:name="android.hardware.touchscreen"
24-->[:unityLibrary] AndroidManifest.xml:17:9-52
25        android:required="false" />
25-->[:unityLibrary] AndroidManifest.xml:18:9-33
26    <uses-feature
26-->[:unityLibrary] AndroidManifest.xml:19:5-21:36
27        android:name="android.hardware.touchscreen.multitouch"
27-->[:unityLibrary] AndroidManifest.xml:20:9-63
28        android:required="false" />
28-->[:unityLibrary] AndroidManifest.xml:21:9-33
29    <uses-feature
29-->[:unityLibrary] AndroidManifest.xml:22:5-24:36
30        android:name="android.hardware.touchscreen.multitouch.distinct"
30-->[:unityLibrary] AndroidManifest.xml:23:9-72
31        android:required="false" />
31-->[:unityLibrary] AndroidManifest.xml:24:9-33
32
33    <uses-permission android:name="android.permission.WRITE_SETTINGS" />
33-->[:unityLibrary] AndroidManifest.xml:26:5-73
33-->[:unityLibrary] AndroidManifest.xml:26:22-70
34
35    <application
35-->src\main\AndroidManifest.xml:4:3-83
36        android:extractNativeLibs="true"
36-->[:unityLibrary] AndroidManifest.xml:29:9-41
37        android:icon="@mipmap/app_icon"
37-->src\main\AndroidManifest.xml:4:49-80
38        android:label="@string/app_name"
38-->src\main\AndroidManifest.xml:4:16-48
39        android:requestLegacyExternalStorage="true" >
39-->[:unityLibrary] AndroidManifest.xml:30:9-52
40        <activity
40-->[:unityLibrary] AndroidManifest.xml:31:9-51:20
41            android:name="com.unity3d.player.UnityPlayerActivity"
41-->[:unityLibrary] AndroidManifest.xml:32:13-66
42            android:configChanges="mcc|mnc|locale|touchscreen|keyboard|keyboardHidden|navigation|orientation|screenLayout|uiMode|screenSize|smallestScreenSize|fontScale|layoutDirection|density"
42-->[:unityLibrary] AndroidManifest.xml:33:13-194
43            android:hardwareAccelerated="false"
43-->[:unityLibrary] AndroidManifest.xml:34:13-48
44            android:launchMode="singleTask"
44-->[:unityLibrary] AndroidManifest.xml:35:13-44
45            android:resizeableActivity="false"
45-->[:unityLibrary] AndroidManifest.xml:36:13-47
46            android:screenOrientation="landscape"
46-->[:unityLibrary] AndroidManifest.xml:37:13-50
47            android:theme="@style/UnityThemeSelector" >
47-->[:unityLibrary] AndroidManifest.xml:38:13-54
48            <intent-filter>
48-->[:unityLibrary] AndroidManifest.xml:39:13-43:29
49                <action android:name="android.intent.action.MAIN" />
49-->[:unityLibrary] AndroidManifest.xml:40:17-69
49-->[:unityLibrary] AndroidManifest.xml:40:25-66
50
51                <category android:name="android.intent.category.LAUNCHER" />
51-->[:unityLibrary] AndroidManifest.xml:42:17-77
51-->[:unityLibrary] AndroidManifest.xml:42:27-74
52            </intent-filter>
53
54            <meta-data
54-->[:unityLibrary] AndroidManifest.xml:45:13-47:40
55                android:name="unityplayer.UnityActivity"
55-->[:unityLibrary] AndroidManifest.xml:46:17-57
56                android:value="true" />
56-->[:unityLibrary] AndroidManifest.xml:47:17-37
57            <meta-data
57-->[:unityLibrary] AndroidManifest.xml:48:13-50:40
58                android:name="android.notch_support"
58-->[:unityLibrary] AndroidManifest.xml:49:17-53
59                android:value="true" />
59-->[:unityLibrary] AndroidManifest.xml:50:17-37
60        </activity>
61
62        <meta-data
62-->[:unityLibrary] AndroidManifest.xml:53:9-55:33
63            android:name="unity.splash-mode"
63-->[:unityLibrary] AndroidManifest.xml:54:13-45
64            android:value="0" />
64-->[:unityLibrary] AndroidManifest.xml:55:13-30
65        <meta-data
65-->[:unityLibrary] AndroidManifest.xml:56:9-58:36
66            android:name="unity.splash-enable"
66-->[:unityLibrary] AndroidManifest.xml:57:13-47
67            android:value="True" />
67-->[:unityLibrary] AndroidManifest.xml:58:13-33
68        <meta-data
68-->[:unityLibrary] AndroidManifest.xml:59:9-61:36
69            android:name="unity.launch-fullscreen"
69-->[:unityLibrary] AndroidManifest.xml:60:13-51
70            android:value="True" />
70-->[:unityLibrary] AndroidManifest.xml:61:13-33
71        <meta-data
71-->[:unityLibrary] AndroidManifest.xml:62:9-64:37
72            android:name="unity.allow-resizable-window"
72-->[:unityLibrary] AndroidManifest.xml:63:13-56
73            android:value="False" />
73-->[:unityLibrary] AndroidManifest.xml:64:13-34
74        <meta-data
74-->[:unityLibrary] AndroidManifest.xml:65:9-67:50
75            android:name="notch.config"
75-->[:unityLibrary] AndroidManifest.xml:66:13-40
76            android:value="portrait|landscape" />
76-->[:unityLibrary] AndroidManifest.xml:67:13-47
77        <meta-data
77-->[:unityLibrary] AndroidManifest.xml:68:9-70:34
78            android:name="pvr.app.type"
78-->[:unityLibrary] AndroidManifest.xml:69:13-40
79            android:value="vr" />
79-->[:unityLibrary] AndroidManifest.xml:70:13-31
80        <meta-data
80-->[:unityLibrary] AndroidManifest.xml:71:9-73:51
81            android:name="pvr.sdk.version"
81-->[:unityLibrary] AndroidManifest.xml:72:13-43
82            android:value="XR Platform_2.1.2.4" />
82-->[:unityLibrary] AndroidManifest.xml:73:13-48
83        <meta-data
83-->[:unityLibrary] AndroidManifest.xml:74:9-76:33
84            android:name="enable_cpt"
84-->[:unityLibrary] AndroidManifest.xml:75:13-38
85            android:value="0" />
85-->[:unityLibrary] AndroidManifest.xml:76:13-30
86        <meta-data
86-->[:unityLibrary] AndroidManifest.xml:77:9-79:33
87            android:name="enable_entitlementcheck"
87-->[:unityLibrary] AndroidManifest.xml:78:13-51
88            android:value="0" />
88-->[:unityLibrary] AndroidManifest.xml:79:13-30
89        <meta-data
89-->[:unityLibrary] AndroidManifest.xml:80:9-82:33
90            android:name="handtracking"
90-->[:unityLibrary] AndroidManifest.xml:81:13-40
91            android:value="0" />
91-->[:unityLibrary] AndroidManifest.xml:82:13-30
92        <meta-data
92-->[:unityLibrary] AndroidManifest.xml:83:9-85:33
93            android:name="rendering_mode"
93-->[:unityLibrary] AndroidManifest.xml:84:13-42
94            android:value="0" />
94-->[:unityLibrary] AndroidManifest.xml:85:13-30
95        <meta-data
95-->[:unityLibrary] AndroidManifest.xml:86:9-88:33
96            android:name="display_rate"
96-->[:unityLibrary] AndroidManifest.xml:87:13-40
97            android:value="0" />
97-->[:unityLibrary] AndroidManifest.xml:88:13-30
98        <meta-data
98-->[:unityLibrary] AndroidManifest.xml:89:9-91:33
99            android:name="color_Space"
99-->[:unityLibrary] AndroidManifest.xml:90:13-39
100            android:value="0" />
100-->[:unityLibrary] AndroidManifest.xml:91:13-30
101        <meta-data
101-->[:unityLibrary] AndroidManifest.xml:92:9-94:33
102            android:name="MRCsupport"
102-->[:unityLibrary] AndroidManifest.xml:93:13-38
103            android:value="1" />
103-->[:unityLibrary] AndroidManifest.xml:94:13-30
104    </application>
105
106</manifest>